Exception in thread Thread-3:
Traceback (most recent call last):
  File "threading.pyo", line 810, in __bootstrap_inner
  File "esp8266_flasher.py", line 19, in run
  File "downloader.pyo", line 54, in __init__
  File "serial\serialwin32.pyo", line 38, in __init__
  File "serial\serialutil.pyo", line 282, in __init__
  File "serial\serialwin32.pyo", line 66, in open
SerialException: could not open port 'COM5': WindowsError(5, 'Access is denied.')

Exception in thread Thread-4:
Traceback (most recent call last):
  File "threading.pyo", line 810, in __bootstrap_inner
  File "esp8266_flasher.py", line 19, in run
  File "downloader.pyo", line 54, in __init__
  File "serial\serialwin32.pyo", line 38, in __init__
  File "serial\serialutil.pyo", line 282, in __init__
  File "serial\serialwin32.pyo", line 66, in open
SerialException: could not open port 'COM5': WindowsError(5, 'Access is denied.')

Exception in thread Thread-5:
Traceback (most recent call last):
  File "threading.pyo", line 810, in __bootstrap_inner
  File "esp8266_flasher.py", line 19, in run
  File "downloader.pyo", line 54, in __init__
  File "serial\serialwin32.pyo", line 38, in __init__
  File "serial\serialutil.pyo", line 282, in __init__
  File "serial\serialwin32.pyo", line 66, in open
SerialException: could not open port 'COM5': WindowsError(5, 'Access is denied.')

Exception in thread Thread-9:
Traceback (most recent call last):
  File "threading.pyo", line 810, in __bootstrap_inner
  File "esp8266_flasher.py", line 19, in run
  File "downloader.pyo", line 54, in __init__
  File "serial\serialwin32.pyo", line 38, in __init__
  File "serial\serialutil.pyo", line 282, in __init__
  File "serial\serialwin32.pyo", line 66, in open
SerialException: could not open port 'COM5': WindowsError(5, 'Access is denied.')

Exception in thread Thread-1:
Traceback (most recent call last):
  File "threading.pyo", line 810, in __bootstrap_inner
  File "esp8266_flasher.py", line 19, in run
  File "downloader.pyo", line 54, in __init__
  File "serial\serialwin32.pyo", line 38, in __init__
  File "serial\serialutil.pyo", line 282, in __init__
  File "serial\serialwin32.pyo", line 66, in open
SerialException: could not open port 'COM1': WindowsError(2, 'The system cannot find the file specified.')

Exception in thread Thread-1:
Traceback (most recent call last):
  File "threading.pyo", line 810, in __bootstrap_inner
  File "esp8266_flasher.py", line 19, in run
  File "downloader.pyo", line 54, in __init__
  File "serial\serialwin32.pyo", line 38, in __init__
  File "serial\serialutil.pyo", line 282, in __init__
  File "serial\serialwin32.pyo", line 66, in open
SerialException: could not open port 'COM1': WindowsError(2, 'The system cannot find the file specified.')

Exception in thread Thread-1:
Traceback (most recent call last):
  File "threading.pyo", line 810, in __bootstrap_inner
  File "esp8266_flasher.py", line 19, in run
  File "downloader.pyo", line 54, in __init__
  File "serial\serialwin32.pyo", line 38, in __init__
  File "serial\serialutil.pyo", line 282, in __init__
  File "serial\serialwin32.pyo", line 66, in open
SerialException: could not open port 'COM1': WindowsError(2, 'The system cannot find the file specified.')

Exception in thread Thread-1:
Traceback (most recent call last):
  File "threading.pyo", line 810, in __bootstrap_inner
  File "esp8266_flasher.py", line 19, in run
  File "downloader.pyo", line 54, in __init__
  File "serial\serialwin32.pyo", line 38, in __init__
  File "serial\serialutil.pyo", line 282, in __init__
  File "serial\serialwin32.pyo", line 66, in open
SerialException: could not open port 'COM1': WindowsError(2, 'The system cannot find the file specified.')

